Determining size of __int64 failed with the following output:
Change Dir: /mnt/d/smhasher/CMakeFiles/CMakeScratch/TryCompile-sexjwX

Run Build Command(s):/usr/bin/gmake -f Makefile cmTC_997a4/fast && /usr/bin/gmake  -f CMakeFiles/cmTC_997a4.dir/build.make CMakeFiles/cmTC_997a4.dir/build
gmake[1]: Entering directory '/mnt/d/smhasher/CMakeFiles/CMakeScratch/TryCompile-sexjwX'
Building C object CMakeFiles/cmTC_997a4.dir/__INT64.c.o
/usr/bin/cc    -o CMakeFiles/cmTC_997a4.dir/__INT64.c.o -c /mnt/d/smhasher/CMakeFiles/CMakeScratch/TryCompile-sexjwX/__INT64.c
/mnt/d/smhasher/CMakeFiles/CMakeScratch/TryCompile-sexjwX/__INT64.c:27:22: error: ‘__int64’ undeclared here (not in a function); did you mean ‘__int64_t’?
   27 | #define SIZE (sizeof(__int64))
      |                      ^~~~~~~
/mnt/d/smhasher/CMakeFiles/CMakeScratch/TryCompile-sexjwX/__INT64.c:29:12: note: in expansion of macro ‘SIZE’
   29 |   ('0' + ((SIZE / 10000)%10)),
      |            ^~~~
gmake[1]: *** [CMakeFiles/cmTC_997a4.dir/build.make:78: CMakeFiles/cmTC_997a4.dir/__INT64.c.o] Error 1
gmake[1]: Leaving directory '/mnt/d/smhasher/CMakeFiles/CMakeScratch/TryCompile-sexjwX'
gmake: *** [Makefile:127: cmTC_997a4/fast] Error 2


__INT64.c:
#include <sys/types.h>
#include <stdint.h>
#include <stddef.h>


#undef KEY
#if defined(__i386)
# define KEY '_','_','i','3','8','6'
#elif defined(__x86_64)
# define KEY '_','_','x','8','6','_','6','4'
#elif defined(__PPC64__)
# define KEY '_','_','P','P','C','6','4','_','_'
#elif defined(__ppc64__)
# define KEY '_','_','p','p','c','6','4','_','_'
#elif defined(__PPC__)
# define KEY '_','_','P','P','C','_','_'
#elif defined(__ppc__)
# define KEY '_','_','p','p','c','_','_'
#elif defined(__aarch64__)
# define KEY '_','_','a','a','r','c','h','6','4','_','_'
#elif defined(__ARM_ARCH_7A__)
# define KEY '_','_','A','R','M','_','A','R','C','H','_','7','A','_','_'
#elif defined(__ARM_ARCH_7S__)
# define KEY '_','_','A','R','M','_','A','R','C','H','_','7','S','_','_'
#endif

#define SIZE (sizeof(__int64))
static char info_size[] =  {'I', 'N', 'F', 'O', ':', 's','i','z','e','[',
  ('0' + ((SIZE / 10000)%10)),
  ('0' + ((SIZE / 1000)%10)),
  ('0' + ((SIZE / 100)%10)),
  ('0' + ((SIZE / 10)%10)),
  ('0' +  (SIZE    % 10)),
  ']',
#ifdef KEY
  ' ','k','e','y','[', KEY, ']',
#endif
  '\0'};

#ifdef __CLASSIC_C__
int main(argc, argv) int argc; char *argv[];
#else
int main(int argc, char *argv[])
#endif
{
  int require = 0;
  require += info_size[argc];
  (void)argv;
  return require;
}


